<?xml version="1.0" encoding="UTF-8"?>
<!-- Generated by org.testng.reporters.JUnitReportReporter -->
<testsuite skipped="0" hostname="DESKTOP-H1REHQ5" name="scripts.testcase1" tests="1" failures="0" timestamp="2022-09-09T22:56:14 IST" time="7.578" errors="0">
  <testcase name="tc1" time="7.578" classname="scripts.testcase1"/>
  <system-out/>
</testsuite> <!-- scripts.testcase1 -->
